Using pre-set license
Built from '2020.3/staging' branch; Version is '2020.3.3f1 (76626098c1c4) revision 7758432'; Using compiler version '192528614'; Build Type 'Release'
OS: 'Windows 10 Pro; OS build 19042.985; Version 2009; 64bit' Language: 'zh' Physical Memory: 16237 MB
BatchMode: 1, IsHumanControllingUs: 0, StartBugReporterOnCrash: 0, Is64bit: 1, IsPro: 0

 COMMAND LINE ARGUMENTS:
C:\Program Files\Unity\Editor\Unity.exe
-adb2
-batchMode
-noUpm
-name
AssetImportWorker0
-projectPath
E:/King-of-Whorehouse/King of whorehouse
-logFile
Logs/AssetImportWorker0.log
-srvPort
62798
Successfully changed project path to: E:/King-of-Whorehouse/King of whorehouse
E:/King-of-Whorehouse/King of whorehouse
Using Asset Import Pipeline V2.
Refreshing native plugins compatible for Editor in 21.07 ms, found 0 plugins.
Preloading 0 native plugins for Editor in 0.00 ms.
Initialize engine version: 2020.3.3f1 (76626098c1c4)
[Subsystems] Discovering subsystems at path C:/Program Files/Unity/Editor/Data/Resources/UnitySubsystems
[Subsystems] Discovering subsystems at path E:/King-of-Whorehouse/King of whorehouse/Assets
GfxDevice: creating device client; threaded=0
Direct3D:
    Version:  Direct3D 11.0 [level 11.1]
    Renderer: NVIDIA GeForce GTX 1050 Ti (ID=0x1c82)
    Vendor:   
    VRAM:     4018 MB
    Driver:   30.0.15.1179
Initialize mono
Mono path[0] = 'C:/Program Files/Unity/Editor/Data/Managed'
Mono path[1] = 'C:/Program Files/Unity/Editor/Data/MonoBleedingEdge/lib/mono/unityjit'
Mono config path = 'C:/Program Files/Unity/Editor/Data/MonoBleedingEdge/etc'
Using monoOptions --debugger-agent=transport=dt_socket,embedding=1,server=y,suspend=n,address=127.0.0.1:56804
Begin MonoManager ReloadAssembly
Registering precompiled unity dll's ...
Register platform support module: C:/Program Files/Unity/Editor/Data/PlaybackEngines/WindowsStandaloneSupport/UnityEditor.WindowsStandalone.Extensions.dll
Registered in 0.001908 seconds.
Native extension for WindowsStandalone target not found
Refreshing native plugins compatible for Editor in 22.15 ms, found 0 plugins.
Preloading 0 native plugins for Editor in 0.00 ms.
Invoked RoslynAnalysisRunner static constructor.
RoslynAnalysisRunner will not be running.
RoslynAnalysisRunner has terminated.
Mono: successfully reloaded assembly
- Completed reload, in  1.128 seconds
Platform modules already initialized, skipping
Registering precompiled user dll's ...
Registered in 0.000406 seconds.
Begin MonoManager ReloadAssembly
Native extension for WindowsStandalone target not found
Refreshing native plugins compatible for Editor in 0.54 ms, found 0 plugins.
Preloading 0 native plugins for Editor in 0.00 ms.
Invoked RoslynAnalysisRunner static constructor.
RoslynAnalysisRunner will not be running.
RoslynAnalysisRunner has terminated.
Mono: successfully reloaded assembly
- Completed reload, in  0.767 seconds
Platform modules already initialized, skipping
========================================================================
Worker process is ready to serve import requests
Launched and connected shader compiler UnityShaderCompiler.exe after 0.04 seconds
Refreshing native plugins compatible for Editor in 0.39 ms, found 0 plugins.
Preloading 0 native plugins for Editor in 0.00 ms.
Unloading 1141 Unused Serialized files (Serialized files now loaded: 0)
System memory in use before: 57.7 MB.
System memory in use after: 57.7 MB.

Unloading 10 unused Assets to reduce memory usage. Loaded Objects now: 1583.
Total: 3.952400 ms (FindLiveObjects: 0.387200 ms CreateObjectMapping: 0.403200 ms MarkObjects: 3.022600 ms  DeleteObjects: 0.137200 ms)

========================================================================
Received Import Request.
  path: Assets/Script/Character/CharacterData.cs
  artifactKey: Guid(3f4db337e7ea0cf40a3f15150d27d482) Importer(815301076,1909f56bfc062723c751e8b465ee728b)
Start importing Assets/Script/Character/CharacterData.cs using Guid(3f4db337e7ea0cf40a3f15150d27d482) Importer(815301076,1909f56bfc062723c751e8b465ee728b)  -> (artifact id: '7b128d437b99c1cc0ca57b1507dfaee5') in 0.071892 seconds
  Import took 0.074259 seconds .

========================================================================
Received Prepare
Registering precompiled user dll's ...
Registered in 0.000869 seconds.
Begin MonoManager ReloadAssembly
Native extension for WindowsStandalone target not found
Refreshing native plugins compatible for Editor in 0.48 ms, found 0 plugins.
Preloading 0 native plugins for Editor in 0.00 ms.
Invoked RoslynAnalysisRunner static constructor.
RoslynAnalysisRunner will not be running.
RoslynAnalysisRunner has terminated.
Mono: successfully reloaded assembly
- Completed reload, in  1.131 seconds
Platform modules already initialized, skipping
Refreshing native plugins compatible for Editor in 0.30 ms, found 0 plugins.
Preloading 0 native plugins for Editor in 0.00 ms.
Unloading 1136 Unused Serialized files (Serialized files now loaded: 0)
System memory in use before: 57.6 MB.
System memory in use after: 57.7 MB.

Unloading 5 unused Assets to reduce memory usage. Loaded Objects now: 1586.
Total: 2.604200 ms (FindLiveObjects: 0.491000 ms CreateObjectMapping: 0.163100 ms MarkObjects: 1.816000 ms  DeleteObjects: 0.130800 ms)

========================================================================
Received Import Request.
  Time since last request: 67.537474 seconds.
  path: Assets/Script/Character/CharacterBaseData.cs
  artifactKey: Guid(b5eb9a881550b7b42bce32f329954c1f) Importer(815301076,1909f56bfc062723c751e8b465ee728b)
Start importing Assets/Script/Character/CharacterBaseData.cs using Guid(b5eb9a881550b7b42bce32f329954c1f) Importer(815301076,1909f56bfc062723c751e8b465ee728b)  -> (artifact id: '728efe999ad7b52712547f16f7a93aab') in 0.011006 seconds
  Import took 0.013768 seconds .

========================================================================
Received Prepare
Registering precompiled user dll's ...
Registered in 0.000679 seconds.
Begin MonoManager ReloadAssembly
Native extension for WindowsStandalone target not found
Refreshing native plugins compatible for Editor in 0.23 ms, found 0 plugins.
Preloading 0 native plugins for Editor in 0.00 ms.
Invoked RoslynAnalysisRunner static constructor.
RoslynAnalysisRunner will not be running.
RoslynAnalysisRunner has terminated.
Mono: successfully reloaded assembly
- Completed reload, in  0.690 seconds
Platform modules already initialized, skipping
Refreshing native plugins compatible for Editor in 0.20 ms, found 0 plugins.
Preloading 0 native plugins for Editor in 0.00 ms.
Unloading 1137 Unused Serialized files (Serialized files now loaded: 0)
System memory in use before: 57.7 MB.
System memory in use after: 57.7 MB.

Unloading 5 unused Assets to reduce memory usage. Loaded Objects now: 1590.
Total: 2.142700 ms (FindLiveObjects: 0.237200 ms CreateObjectMapping: 0.069300 ms MarkObjects: 1.770500 ms  DeleteObjects: 0.064400 ms)

========================================================================
Received Prepare
Registering precompiled user dll's ...
Registered in 0.000363 seconds.
Begin MonoManager ReloadAssembly
Native extension for WindowsStandalone target not found
Refreshing native plugins compatible for Editor in 0.44 ms, found 0 plugins.
Preloading 0 native plugins for Editor in 0.00 ms.
Invoked RoslynAnalysisRunner static constructor.
RoslynAnalysisRunner will not be running.
RoslynAnalysisRunner has terminated.
Mono: successfully reloaded assembly
- Completed reload, in  0.704 seconds
Platform modules already initialized, skipping
Refreshing native plugins compatible for Editor in 0.24 ms, found 0 plugins.
Preloading 0 native plugins for Editor in 0.00 ms.
Unloading 1137 Unused Serialized files (Serialized files now loaded: 0)
System memory in use before: 57.7 MB.
System memory in use after: 57.7 MB.

Unloading 5 unused Assets to reduce memory usage. Loaded Objects now: 1593.
Total: 1.649000 ms (FindLiveObjects: 0.216600 ms CreateObjectMapping: 0.065400 ms MarkObjects: 1.314300 ms  DeleteObjects: 0.051700 ms)

========================================================================
Received Import Request.
  Time since last request: 432.780634 seconds.
  path: Assets/Script/Enum
  artifactKey: Guid(6b97a0ff5f0d04243955ab347a3ff809) Importer(815301076,1909f56bfc062723c751e8b465ee728b)
Start importing Assets/Script/Enum using Guid(6b97a0ff5f0d04243955ab347a3ff809) Importer(815301076,1909f56bfc062723c751e8b465ee728b)  -> (artifact id: 'f9c4f87dfdb920afb00ebb411d786a8b') in 0.008220 seconds
  Import took 0.010126 seconds .

========================================================================
Received Prepare
Registering precompiled user dll's ...
Registered in 0.000408 seconds.
Begin MonoManager ReloadAssembly
Native extension for WindowsStandalone target not found
Refreshing native plugins compatible for Editor in 0.19 ms, found 0 plugins.
Preloading 0 native plugins for Editor in 0.00 ms.
Invoked RoslynAnalysisRunner static constructor.
RoslynAnalysisRunner will not be running.
RoslynAnalysisRunner has terminated.
Mono: successfully reloaded assembly
- Completed reload, in  0.656 seconds
Platform modules already initialized, skipping
Refreshing native plugins compatible for Editor in 0.19 ms, found 0 plugins.
Preloading 0 native plugins for Editor in 0.00 ms.
Unloading 1138 Unused Serialized files (Serialized files now loaded: 0)
System memory in use before: 57.7 MB.
System memory in use after: 57.8 MB.

Unloading 5 unused Assets to reduce memory usage. Loaded Objects now: 1597.
Total: 1.609200 ms (FindLiveObjects: 0.176800 ms CreateObjectMapping: 0.047300 ms MarkObjects: 1.335600 ms  DeleteObjects: 0.048500 ms)

========================================================================
Received Import Request.
  Time since last request: 40.249867 seconds.
  path: Assets/Script/Enum/Gener.cs
  artifactKey: Guid(3aae75bcb49151545b6d4b7391b7beb5) Importer(815301076,1909f56bfc062723c751e8b465ee728b)
Start importing Assets/Script/Enum/Gener.cs using Guid(3aae75bcb49151545b6d4b7391b7beb5) Importer(815301076,1909f56bfc062723c751e8b465ee728b)  -> (artifact id: '9711eeffed9e9d898bd6c95e460a0e07') in 0.007395 seconds
  Import took 0.009140 seconds .

========================================================================
Received Import Request.
  Time since last request: 19.424880 seconds.
  path: Assets/Script/Enum/GeneralEnum.cs
  artifactKey: Guid(3aae75bcb49151545b6d4b7391b7beb5) Importer(815301076,1909f56bfc062723c751e8b465ee728b)
Start importing Assets/Script/Enum/GeneralEnum.cs using Guid(3aae75bcb49151545b6d4b7391b7beb5) Importer(815301076,1909f56bfc062723c751e8b465ee728b)  -> (artifact id: '740f590e5b02c4327dab252bcfc743b2') in 0.006752 seconds
  Import took 0.009356 seconds .

========================================================================
Received Prepare
Registering precompiled user dll's ...
Registered in 0.000382 seconds.
Begin MonoManager ReloadAssembly
Native extension for WindowsStandalone target not found
Refreshing native plugins compatible for Editor in 0.22 ms, found 0 plugins.
Preloading 0 native plugins for Editor in 0.00 ms.
Invoked RoslynAnalysisRunner static constructor.
RoslynAnalysisRunner will not be running.
RoslynAnalysisRunner has terminated.
Mono: successfully reloaded assembly
- Completed reload, in  0.672 seconds
Platform modules already initialized, skipping
Refreshing native plugins compatible for Editor in 0.20 ms, found 0 plugins.
Preloading 0 native plugins for Editor in 0.00 ms.
Unloading 1138 Unused Serialized files (Serialized files now loaded: 0)
System memory in use before: 57.7 MB.
System memory in use after: 57.8 MB.

Unloading 5 unused Assets to reduce memory usage. Loaded Objects now: 1600.
Total: 1.730200 ms (FindLiveObjects: 0.199600 ms CreateObjectMapping: 0.071900 ms MarkObjects: 1.405300 ms  DeleteObjects: 0.052200 ms)

========================================================================
Received Prepare
Registering precompiled user dll's ...
Registered in 0.000446 seconds.
Begin MonoManager ReloadAssembly
Native extension for WindowsStandalone target not found
Refreshing native plugins compatible for Editor in 0.26 ms, found 0 plugins.
Preloading 0 native plugins for Editor in 0.00 ms.
Invoked RoslynAnalysisRunner static constructor.
RoslynAnalysisRunner will not be running.
RoslynAnalysisRunner has terminated.
Mono: successfully reloaded assembly
- Completed reload, in  0.693 seconds
Platform modules already initialized, skipping
Refreshing native plugins compatible for Editor in 0.22 ms, found 0 plugins.
Preloading 0 native plugins for Editor in 0.00 ms.
Unloading 1138 Unused Serialized files (Serialized files now loaded: 0)
System memory in use before: 57.7 MB.
System memory in use after: 57.8 MB.

Unloading 5 unused Assets to reduce memory usage. Loaded Objects now: 1603.
Total: 1.432100 ms (FindLiveObjects: 0.157600 ms CreateObjectMapping: 0.037000 ms MarkObjects: 1.185400 ms  DeleteObjects: 0.051100 ms)

========================================================================
Received Prepare
Registering precompiled user dll's ...
Registered in 0.000438 seconds.
Begin MonoManager ReloadAssembly
Native extension for WindowsStandalone target not found
Refreshing native plugins compatible for Editor in 0.20 ms, found 0 plugins.
Preloading 0 native plugins for Editor in 0.00 ms.
Invoked RoslynAnalysisRunner static constructor.
RoslynAnalysisRunner will not be running.
RoslynAnalysisRunner has terminated.
Mono: successfully reloaded assembly
- Completed reload, in  0.655 seconds
Platform modules already initialized, skipping
Refreshing native plugins compatible for Editor in 0.20 ms, found 0 plugins.
Preloading 0 native plugins for Editor in 0.00 ms.
Unloading 1138 Unused Serialized files (Serialized files now loaded: 0)
System memory in use before: 57.7 MB.
System memory in use after: 57.8 MB.

Unloading 5 unused Assets to reduce memory usage. Loaded Objects now: 1606.
Total: 1.791300 ms (FindLiveObjects: 0.201800 ms CreateObjectMapping: 0.052300 ms MarkObjects: 1.485000 ms  DeleteObjects: 0.051000 ms)

========================================================================
Received Import Request.
  Time since last request: 460.737860 seconds.
  path: Assets/Script/Enum/GeneralEnum.cs
  artifactKey: Guid(3aae75bcb49151545b6d4b7391b7beb5) Importer(815301076,1909f56bfc062723c751e8b465ee728b)
Start importing Assets/Script/Enum/GeneralEnum.cs using Guid(3aae75bcb49151545b6d4b7391b7beb5) Importer(815301076,1909f56bfc062723c751e8b465ee728b)  -> (artifact id: 'd87570d2341e35bbdbb3325b0b0ccca9') in 0.004059 seconds
  Import took 0.006054 seconds .

========================================================================
Received Import Request.
  Time since last request: 0.245796 seconds.
  path: Assets/Script/Enum/GeneralEnum.cs
  artifactKey: Guid(3aae75bcb49151545b6d4b7391b7beb5) Importer(815301076,1909f56bfc062723c751e8b465ee728b)
Start importing Assets/Script/Enum/GeneralEnum.cs using Guid(3aae75bcb49151545b6d4b7391b7beb5) Importer(815301076,1909f56bfc062723c751e8b465ee728b)  -> (artifact id: 'd87570d2341e35bbdbb3325b0b0ccca9') in 0.003053 seconds
  Import took 0.004889 seconds .

========================================================================
Received Import Request.
  Time since last request: 18.485340 seconds.
  path: Assets/Script/Enum/GeneralConst.cs
  artifactKey: Guid(a907137b723a64b47b60933c100081a6) Importer(815301076,1909f56bfc062723c751e8b465ee728b)
Start importing Assets/Script/Enum/GeneralConst.cs using Guid(a907137b723a64b47b60933c100081a6) Importer(815301076,1909f56bfc062723c751e8b465ee728b)  -> (artifact id: 'cfa126779ab0f3bb92f10e5d1cfe303b') in 0.007053 seconds
  Import took 0.009301 seconds .

========================================================================
Received Prepare
Registering precompiled user dll's ...
Registered in 0.000434 seconds.
Begin MonoManager ReloadAssembly
Native extension for WindowsStandalone target not found
Refreshing native plugins compatible for Editor in 0.21 ms, found 0 plugins.
Preloading 0 native plugins for Editor in 0.00 ms.
Invoked RoslynAnalysisRunner static constructor.
RoslynAnalysisRunner will not be running.
RoslynAnalysisRunner has terminated.
Mono: successfully reloaded assembly
- Completed reload, in  0.706 seconds
Platform modules already initialized, skipping
Refreshing native plugins compatible for Editor in 0.20 ms, found 0 plugins.
Preloading 0 native plugins for Editor in 0.00 ms.
Unloading 1139 Unused Serialized files (Serialized files now loaded: 0)
System memory in use before: 57.8 MB.
System memory in use after: 57.8 MB.

Unloading 5 unused Assets to reduce memory usage. Loaded Objects now: 1610.
Total: 2.045000 ms (FindLiveObjects: 0.150200 ms CreateObjectMapping: 0.049300 ms MarkObjects: 1.783700 ms  DeleteObjects: 0.060300 ms)

========================================================================
Received Prepare
Registering precompiled user dll's ...
Registered in 0.000707 seconds.
Begin MonoManager ReloadAssembly
Native extension for WindowsStandalone target not found
Refreshing native plugins compatible for Editor in 0.28 ms, found 0 plugins.
Preloading 0 native plugins for Editor in 0.00 ms.
Invoked RoslynAnalysisRunner static constructor.
RoslynAnalysisRunner will not be running.
RoslynAnalysisRunner has terminated.
Mono: successfully reloaded assembly
- Completed reload, in  0.646 seconds
Platform modules already initialized, skipping
Refreshing native plugins compatible for Editor in 0.20 ms, found 0 plugins.
Preloading 0 native plugins for Editor in 0.00 ms.
Unloading 1139 Unused Serialized files (Serialized files now loaded: 0)
System memory in use before: 57.8 MB.
System memory in use after: 57.8 MB.

Unloading 5 unused Assets to reduce memory usage. Loaded Objects now: 1613.
Total: 1.670300 ms (FindLiveObjects: 0.183900 ms CreateObjectMapping: 0.049900 ms MarkObjects: 1.373600 ms  DeleteObjects: 0.061700 ms)

========================================================================
Received Prepare
Registering precompiled user dll's ...
Registered in 0.000700 seconds.
Begin MonoManager ReloadAssembly
Native extension for WindowsStandalone target not found
Refreshing native plugins compatible for Editor in 0.21 ms, found 0 plugins.
Preloading 0 native plugins for Editor in 0.00 ms.
Invoked RoslynAnalysisRunner static constructor.
RoslynAnalysisRunner will not be running.
RoslynAnalysisRunner has terminated.
Mono: successfully reloaded assembly
- Completed reload, in  0.689 seconds
Platform modules already initialized, skipping
Refreshing native plugins compatible for Editor in 0.23 ms, found 0 plugins.
Preloading 0 native plugins for Editor in 0.00 ms.
Unloading 1140 Unused Serialized files (Serialized files now loaded: 0)
System memory in use before: 57.8 MB.
System memory in use after: 57.9 MB.

Unloading 5 unused Assets to reduce memory usage. Loaded Objects now: 1617.
Total: 2.427900 ms (FindLiveObjects: 0.384200 ms CreateObjectMapping: 0.169400 ms MarkObjects: 1.818700 ms  DeleteObjects: 0.054100 ms)

========================================================================
Received Import Request.
  Time since last request: 408.283363 seconds.
  path: Assets/Script/Character/NewBehaviourScript.cs
  artifactKey: Guid(859e8e8f3e35e8f439b966386c3045f8) Importer(815301076,1909f56bfc062723c751e8b465ee728b)
Start importing Assets/Script/Character/NewBehaviourScript.cs using Guid(859e8e8f3e35e8f439b966386c3045f8) Importer(815301076,1909f56bfc062723c751e8b465ee728b)  -> (artifact id: '742772b8693620a471263be6bcf0bfe6') in 0.007128 seconds
  Import took 0.009077 seconds .

========================================================================
Received Import Request.
  Time since last request: 10.987550 seconds.
  path: Assets/Script/Character/occupationalSkill.cs
  artifactKey: Guid(859e8e8f3e35e8f439b966386c3045f8) Importer(815301076,1909f56bfc062723c751e8b465ee728b)
Start importing Assets/Script/Character/occupationalSkill.cs using Guid(859e8e8f3e35e8f439b966386c3045f8) Importer(815301076,1909f56bfc062723c751e8b465ee728b)  -> (artifact id: '96057062cc6d059368b3e14d5b4ae0b5') in 0.007230 seconds
  Import took 0.009591 seconds .

========================================================================
Received Prepare
Registering precompiled user dll's ...
Registered in 0.000422 seconds.
Begin MonoManager ReloadAssembly
Native extension for WindowsStandalone target not found
Refreshing native plugins compatible for Editor in 0.20 ms, found 0 plugins.
Preloading 0 native plugins for Editor in 0.00 ms.
Invoked RoslynAnalysisRunner static constructor.
RoslynAnalysisRunner will not be running.
RoslynAnalysisRunner has terminated.
Mono: successfully reloaded assembly
- Completed reload, in  0.684 seconds
Platform modules already initialized, skipping
Refreshing native plugins compatible for Editor in 0.25 ms, found 0 plugins.
Preloading 0 native plugins for Editor in 0.00 ms.
Unloading 1140 Unused Serialized files (Serialized files now loaded: 0)
System memory in use before: 57.8 MB.
System memory in use after: 57.9 MB.

Unloading 5 unused Assets to reduce memory usage. Loaded Objects now: 1620.
Total: 1.425700 ms (FindLiveObjects: 0.183900 ms CreateObjectMapping: 0.042900 ms MarkObjects: 1.153000 ms  DeleteObjects: 0.044700 ms)

========================================================================
Received Import Request.
  Time since last request: 13.921622 seconds.
  path: Assets/Script/Character/OccupationalSkill.cs
  artifactKey: Guid(859e8e8f3e35e8f439b966386c3045f8) Importer(815301076,1909f56bfc062723c751e8b465ee728b)
Start importing Assets/Script/Character/OccupationalSkill.cs using Guid(859e8e8f3e35e8f439b966386c3045f8) Importer(815301076,1909f56bfc062723c751e8b465ee728b)  -> (artifact id: 'eb0d744f68768ce96aae07a02f028316') in 0.009725 seconds
  Import took 0.011847 seconds .

========================================================================
Received Prepare
Registering precompiled user dll's ...
Registered in 0.000434 seconds.
Begin MonoManager ReloadAssembly
Native extension for WindowsStandalone target not found
Refreshing native plugins compatible for Editor in 0.24 ms, found 0 plugins.
Preloading 0 native plugins for Editor in 0.00 ms.
Invoked RoslynAnalysisRunner static constructor.
RoslynAnalysisRunner will not be running.
RoslynAnalysisRunner has terminated.
Mono: successfully reloaded assembly
- Completed reload, in  0.693 seconds
Platform modules already initialized, skipping
Refreshing native plugins compatible for Editor in 0.21 ms, found 0 plugins.
Preloading 0 native plugins for Editor in 0.00 ms.
Unloading 1140 Unused Serialized files (Serialized files now loaded: 0)
System memory in use before: 57.8 MB.
System memory in use after: 57.9 MB.

Unloading 5 unused Assets to reduce memory usage. Loaded Objects now: 1623.
Total: 1.342500 ms (FindLiveObjects: 0.140000 ms CreateObjectMapping: 0.036300 ms MarkObjects: 1.118600 ms  DeleteObjects: 0.046500 ms)

========================================================================
Received Prepare
Registering precompiled user dll's ...
Registered in 0.000406 seconds.
Begin MonoManager ReloadAssembly
Native extension for WindowsStandalone target not found
Refreshing native plugins compatible for Editor in 0.20 ms, found 0 plugins.
Preloading 0 native plugins for Editor in 0.00 ms.
Invoked RoslynAnalysisRunner static constructor.
RoslynAnalysisRunner will not be running.
RoslynAnalysisRunner has terminated.
Mono: successfully reloaded assembly
- Completed reload, in  0.648 seconds
Platform modules already initialized, skipping
Refreshing native plugins compatible for Editor in 0.21 ms, found 0 plugins.
Preloading 0 native plugins for Editor in 0.00 ms.
Unloading 1140 Unused Serialized files (Serialized files now loaded: 0)
System memory in use before: 57.8 MB.
System memory in use after: 57.9 MB.

Unloading 5 unused Assets to reduce memory usage. Loaded Objects now: 1626.
Total: 1.475400 ms (FindLiveObjects: 0.203900 ms CreateObjectMapping: 0.051200 ms MarkObjects: 1.166200 ms  DeleteObjects: 0.052400 ms)

========================================================================
Received Prepare
Registering precompiled user dll's ...
Registered in 0.000543 seconds.
Begin MonoManager ReloadAssembly
Native extension for WindowsStandalone target not found
Refreshing native plugins compatible for Editor in 0.23 ms, found 0 plugins.
Preloading 0 native plugins for Editor in 0.00 ms.
Invoked RoslynAnalysisRunner static constructor.
RoslynAnalysisRunner will not be running.
RoslynAnalysisRunner has terminated.
Mono: successfully reloaded assembly
- Completed reload, in  0.659 seconds
Platform modules already initialized, skipping
Refreshing native plugins compatible for Editor in 0.23 ms, found 0 plugins.
Preloading 0 native plugins for Editor in 0.00 ms.
Unloading 1141 Unused Serialized files (Serialized files now loaded: 0)
System memory in use before: 57.8 MB.
System memory in use after: 57.9 MB.

Unloading 5 unused Assets to reduce memory usage. Loaded Objects now: 1630.
Total: 1.662700 ms (FindLiveObjects: 0.138200 ms CreateObjectMapping: 0.042600 ms MarkObjects: 1.425200 ms  DeleteObjects: 0.055400 ms)

========================================================================
Received Import Request.
  Time since last request: 107.150988 seconds.
  path: Assets/Script/Character/NewBehaviourScript.cs
  artifactKey: Guid(785264fc5696d4b4abfb6e28baf62f46) Importer(815301076,1909f56bfc062723c751e8b465ee728b)
Start importing Assets/Script/Character/NewBehaviourScript.cs using Guid(785264fc5696d4b4abfb6e28baf62f46) Importer(815301076,1909f56bfc062723c751e8b465ee728b)  -> (artifact id: '22d162f9143d141ca85897fab720d0b3') in 0.003747 seconds
  Import took 0.005430 seconds .

========================================================================
Received Import Request.
  Time since last request: 14.475114 seconds.
  path: Assets/Script/Character/OccupationalData.cs
  artifactKey: Guid(785264fc5696d4b4abfb6e28baf62f46) Importer(815301076,1909f56bfc062723c751e8b465ee728b)
Start importing Assets/Script/Character/OccupationalData.cs using Guid(785264fc5696d4b4abfb6e28baf62f46) Importer(815301076,1909f56bfc062723c751e8b465ee728b)  -> (artifact id: 'fd826074df2d6022f37ae2902c056a0b') in 0.008372 seconds
  Import took 0.010306 seconds .

========================================================================
Received Prepare
Registering precompiled user dll's ...
Registered in 0.000400 seconds.
Begin MonoManager ReloadAssembly
Native extension for WindowsStandalone target not found
Refreshing native plugins compatible for Editor in 0.20 ms, found 0 plugins.
Preloading 0 native plugins for Editor in 0.00 ms.
Invoked RoslynAnalysisRunner static constructor.
RoslynAnalysisRunner will not be running.
RoslynAnalysisRunner has terminated.
Mono: successfully reloaded assembly
- Completed reload, in  0.669 seconds
Platform modules already initialized, skipping
Refreshing native plugins compatible for Editor in 0.20 ms, found 0 plugins.
Preloading 0 native plugins for Editor in 0.00 ms.
Unloading 1141 Unused Serialized files (Serialized files now loaded: 0)
System memory in use before: 57.8 MB.
System memory in use after: 57.9 MB.

Unloading 5 unused Assets to reduce memory usage. Loaded Objects now: 1633.
Total: 1.660200 ms (FindLiveObjects: 0.208900 ms CreateObjectMapping: 0.062300 ms MarkObjects: 1.340400 ms  DeleteObjects: 0.047400 ms)

========================================================================
Received Prepare
Registering precompiled user dll's ...
Registered in 0.000390 seconds.
Begin MonoManager ReloadAssembly
Native extension for WindowsStandalone target not found
Refreshing native plugins compatible for Editor in 0.20 ms, found 0 plugins.
Preloading 0 native plugins for Editor in 0.00 ms.
Invoked RoslynAnalysisRunner static constructor.
RoslynAnalysisRunner will not be running.
RoslynAnalysisRunner has terminated.
Mono: successfully reloaded assembly
- Completed reload, in  0.657 seconds
Platform modules already initialized, skipping
Refreshing native plugins compatible for Editor in 0.28 ms, found 0 plugins.
Preloading 0 native plugins for Editor in 0.00 ms.
Unloading 1141 Unused Serialized files (Serialized files now loaded: 0)
System memory in use before: 57.8 MB.
System memory in use after: 57.9 MB.

Unloading 5 unused Assets to reduce memory usage. Loaded Objects now: 1636.
Total: 1.871600 ms (FindLiveObjects: 0.290800 ms CreateObjectMapping: 0.105700 ms MarkObjects: 1.421300 ms  DeleteObjects: 0.052700 ms)

========================================================================
Received Import Request.
  Time since last request: 43.900189 seconds.
  path: Assets/Script/Character/OccupationalData.cs
  artifactKey: Guid(785264fc5696d4b4abfb6e28baf62f46) Importer(815301076,1909f56bfc062723c751e8b465ee728b)
Start importing Assets/Script/Character/OccupationalData.cs using Guid(785264fc5696d4b4abfb6e28baf62f46) Importer(815301076,1909f56bfc062723c751e8b465ee728b)  -> (artifact id: 'f6666eeef915ecfc9099a96c070cb035') in 0.003685 seconds
  Import took 0.005293 seconds .

========================================================================
Received Prepare
Registering precompiled user dll's ...
Registered in 0.000429 seconds.
Begin MonoManager ReloadAssembly
Native extension for WindowsStandalone target not found
Refreshing native plugins compatible for Editor in 0.20 ms, found 0 plugins.
Preloading 0 native plugins for Editor in 0.00 ms.
Invoked RoslynAnalysisRunner static constructor.
RoslynAnalysisRunner will not be running.
RoslynAnalysisRunner has terminated.
Mono: successfully reloaded assembly
- Completed reload, in  0.642 seconds
Platform modules already initialized, skipping
Refreshing native plugins compatible for Editor in 0.19 ms, found 0 plugins.
Preloading 0 native plugins for Editor in 0.00 ms.
Unloading 1141 Unused Serialized files (Serialized files now loaded: 0)
System memory in use before: 57.8 MB.
System memory in use after: 57.9 MB.

Unloading 5 unused Assets to reduce memory usage. Loaded Objects now: 1639.
Total: 1.652700 ms (FindLiveObjects: 0.185500 ms CreateObjectMapping: 0.079700 ms MarkObjects: 1.334700 ms  DeleteObjects: 0.051700 ms)

========================================================================
Received Prepare
Registering precompiled user dll's ...
Registered in 0.000554 seconds.
Begin MonoManager ReloadAssembly
Native extension for WindowsStandalone target not found
Refreshing native plugins compatible for Editor in 0.23 ms, found 0 plugins.
Preloading 0 native plugins for Editor in 0.00 ms.
Invoked RoslynAnalysisRunner static constructor.
RoslynAnalysisRunner will not be running.
RoslynAnalysisRunner has terminated.
Mono: successfully reloaded assembly
- Completed reload, in  0.642 seconds
Platform modules already initialized, skipping
Refreshing native plugins compatible for Editor in 0.20 ms, found 0 plugins.
Preloading 0 native plugins for Editor in 0.00 ms.
Unloading 1141 Unused Serialized files (Serialized files now loaded: 0)
System memory in use before: 57.8 MB.
System memory in use after: 57.9 MB.

Unloading 5 unused Assets to reduce memory usage. Loaded Objects now: 1642.
Total: 1.724900 ms (FindLiveObjects: 0.215100 ms CreateObjectMapping: 0.060500 ms MarkObjects: 1.391200 ms  DeleteObjects: 0.057300 ms)

========================================================================
Received Prepare
Registering precompiled user dll's ...
Registered in 0.000727 seconds.
Begin MonoManager ReloadAssembly
Native extension for WindowsStandalone target not found
Refreshing native plugins compatible for Editor in 0.21 ms, found 0 plugins.
Preloading 0 native plugins for Editor in 0.00 ms.
Invoked RoslynAnalysisRunner static constructor.
RoslynAnalysisRunner will not be running.
RoslynAnalysisRunner has terminated.
Mono: successfully reloaded assembly
- Completed reload, in  0.678 seconds
Platform modules already initialized, skipping
Refreshing native plugins compatible for Editor in 0.19 ms, found 0 plugins.
Preloading 0 native plugins for Editor in 0.00 ms.
Unloading 1141 Unused Serialized files (Serialized files now loaded: 0)
System memory in use before: 57.8 MB.
System memory in use after: 57.9 MB.

Unloading 5 unused Assets to reduce memory usage. Loaded Objects now: 1645.
Total: 1.687600 ms (FindLiveObjects: 0.225200 ms CreateObjectMapping: 0.049100 ms MarkObjects: 1.359800 ms  DeleteObjects: 0.051200 ms)

========================================================================
Received Prepare
Registering precompiled user dll's ...
Registered in 0.000555 seconds.
Begin MonoManager ReloadAssembly
Native extension for WindowsStandalone target not found
Refreshing native plugins compatible for Editor in 0.22 ms, found 0 plugins.
Preloading 0 native plugins for Editor in 0.00 ms.
Invoked RoslynAnalysisRunner static constructor.
RoslynAnalysisRunner will not be running.
RoslynAnalysisRunner has terminated.
Mono: successfully reloaded assembly
- Completed reload, in  0.697 seconds
Platform modules already initialized, skipping
Refreshing native plugins compatible for Editor in 0.20 ms, found 0 plugins.
Preloading 0 native plugins for Editor in 0.00 ms.
Unloading 1141 Unused Serialized files (Serialized files now loaded: 0)
System memory in use before: 57.9 MB.
System memory in use after: 57.9 MB.

Unloading 5 unused Assets to reduce memory usage. Loaded Objects now: 1648.
Total: 2.016600 ms (FindLiveObjects: 0.290900 ms CreateObjectMapping: 0.059000 ms MarkObjects: 1.518000 ms  DeleteObjects: 0.147200 ms)

========================================================================
Received Prepare
Registering precompiled user dll's ...
Registered in 0.000427 seconds.
Begin MonoManager ReloadAssembly
Native extension for WindowsStandalone target not found
Refreshing native plugins compatible for Editor in 0.22 ms, found 0 plugins.
Preloading 0 native plugins for Editor in 0.00 ms.
Invoked RoslynAnalysisRunner static constructor.
RoslynAnalysisRunner will not be running.
RoslynAnalysisRunner has terminated.
Mono: successfully reloaded assembly
- Completed reload, in  0.660 seconds
Platform modules already initialized, skipping
Refreshing native plugins compatible for Editor in 0.20 ms, found 0 plugins.
Preloading 0 native plugins for Editor in 0.00 ms.
Unloading 1141 Unused Serialized files (Serialized files now loaded: 0)
System memory in use before: 57.9 MB.
System memory in use after: 57.9 MB.

Unloading 5 unused Assets to reduce memory usage. Loaded Objects now: 1651.
Total: 1.964800 ms (FindLiveObjects: 0.328300 ms CreateObjectMapping: 0.095000 ms MarkObjects: 1.483300 ms  DeleteObjects: 0.056800 ms)

========================================================================
Received Prepare
Registering precompiled user dll's ...
Registered in 0.000455 seconds.
Begin MonoManager ReloadAssembly
Native extension for WindowsStandalone target not found
Refreshing native plugins compatible for Editor in 0.24 ms, found 0 plugins.
Preloading 0 native plugins for Editor in 0.00 ms.
Invoked RoslynAnalysisRunner static constructor.
RoslynAnalysisRunner will not be running.
RoslynAnalysisRunner has terminated.
Mono: successfully reloaded assembly
- Completed reload, in  0.636 seconds
Platform modules already initialized, skipping
Refreshing native plugins compatible for Editor in 0.20 ms, found 0 plugins.
Preloading 0 native plugins for Editor in 0.00 ms.
Unloading 1141 Unused Serialized files (Serialized files now loaded: 0)
System memory in use before: 57.9 MB.
System memory in use after: 57.9 MB.

Unloading 5 unused Assets to reduce memory usage. Loaded Objects now: 1654.
Total: 1.593500 ms (FindLiveObjects: 0.167100 ms CreateObjectMapping: 0.036700 ms MarkObjects: 1.323200 ms  DeleteObjects: 0.065700 ms)

========================================================================
Received Prepare
Registering precompiled user dll's ...
Registered in 0.000494 seconds.
Begin MonoManager ReloadAssembly
Native extension for WindowsStandalone target not found
Refreshing native plugins compatible for Editor in 0.20 ms, found 0 plugins.
Preloading 0 native plugins for Editor in 0.00 ms.
Invoked RoslynAnalysisRunner static constructor.
RoslynAnalysisRunner will not be running.
RoslynAnalysisRunner has terminated.
Mono: successfully reloaded assembly
- Completed reload, in  0.638 seconds
Platform modules already initialized, skipping
Refreshing native plugins compatible for Editor in 0.19 ms, found 0 plugins.
Preloading 0 native plugins for Editor in 0.00 ms.
Unloading 1141 Unused Serialized files (Serialized files now loaded: 0)
System memory in use before: 57.9 MB.
System memory in use after: 57.9 MB.

Unloading 5 unused Assets to reduce memory usage. Loaded Objects now: 1657.
Total: 1.692800 ms (FindLiveObjects: 0.321200 ms CreateObjectMapping: 0.071400 ms MarkObjects: 1.237300 ms  DeleteObjects: 0.061100 ms)

========================================================================
Received Import Request.
  Time since last request: 2776.291934 seconds.
  path: Assets/Script/Character/OccupationalSkill.cs
  artifactKey: Guid(859e8e8f3e35e8f439b966386c3045f8) Importer(815301076,1909f56bfc062723c751e8b465ee728b)
Start importing Assets/Script/Character/OccupationalSkill.cs using Guid(859e8e8f3e35e8f439b966386c3045f8) Importer(815301076,1909f56bfc062723c751e8b465ee728b)  -> (artifact id: 'c33fc77d1ebb0f24db5ce3c6fb835369') in 0.003754 seconds
  Import took 0.005391 seconds .

========================================================================
Received Import Request.
  Time since last request: 3.342791 seconds.
  path: Assets/Script/Character/OccupationalData.cs
  artifactKey: Guid(785264fc5696d4b4abfb6e28baf62f46) Importer(815301076,1909f56bfc062723c751e8b465ee728b)
Start importing Assets/Script/Character/OccupationalData.cs using Guid(785264fc5696d4b4abfb6e28baf62f46) Importer(815301076,1909f56bfc062723c751e8b465ee728b)  -> (artifact id: 'fc46c40f04164dafa36b7094766e958c') in 0.001527 seconds
  Import took 0.003193 seconds .

========================================================================
Received Import Request.
  Time since last request: 0.000175 seconds.
  path: Assets/Script/Character/OccupationalData.cs
  artifactKey: Guid(785264fc5696d4b4abfb6e28baf62f46) Importer(815301076,1909f56bfc062723c751e8b465ee728b)
Start importing Assets/Script/Character/OccupationalData.cs using Guid(785264fc5696d4b4abfb6e28baf62f46) Importer(815301076,1909f56bfc062723c751e8b465ee728b)  -> (artifact id: 'fc46c40f04164dafa36b7094766e958c') in 0.001659 seconds
  Import took 0.003260 seconds .

========================================================================
Received Import Request.
  Time since last request: 6.598354 seconds.
  path: Assets/Script/Character/SkillData.cs
  artifactKey: Guid(785264fc5696d4b4abfb6e28baf62f46) Importer(815301076,1909f56bfc062723c751e8b465ee728b)
Start importing Assets/Script/Character/SkillData.cs using Guid(785264fc5696d4b4abfb6e28baf62f46) Importer(815301076,1909f56bfc062723c751e8b465ee728b)  -> (artifact id: '40386b3b0b0dd36c7aa11d8983ccd58c') in 0.006969 seconds
  Import took 0.009548 seconds .

========================================================================
Received Prepare
Registering precompiled user dll's ...
Registered in 0.000426 seconds.
Begin MonoManager ReloadAssembly
Native extension for WindowsStandalone target not found
Refreshing native plugins compatible for Editor in 0.20 ms, found 0 plugins.
Preloading 0 native plugins for Editor in 0.00 ms.
Invoked RoslynAnalysisRunner static constructor.
RoslynAnalysisRunner will not be running.
RoslynAnalysisRunner has terminated.
Mono: successfully reloaded assembly
- Completed reload, in  0.700 seconds
Platform modules already initialized, skipping
Refreshing native plugins compatible for Editor in 0.35 ms, found 0 plugins.
Preloading 0 native plugins for Editor in 0.00 ms.
Unloading 1141 Unused Serialized files (Serialized files now loaded: 0)
System memory in use before: 57.9 MB.
System memory in use after: 57.9 MB.

Unloading 5 unused Assets to reduce memory usage. Loaded Objects now: 1660.
Total: 1.465400 ms (FindLiveObjects: 0.182200 ms CreateObjectMapping: 0.046200 ms MarkObjects: 1.184700 ms  DeleteObjects: 0.050900 ms)

========================================================================
Received Prepare
Registering precompiled user dll's ...
Registered in 0.000559 seconds.
Begin MonoManager ReloadAssembly
Native extension for WindowsStandalone target not found
Refreshing native plugins compatible for Editor in 0.22 ms, found 0 plugins.
Preloading 0 native plugins for Editor in 0.00 ms.
Invoked RoslynAnalysisRunner static constructor.
RoslynAnalysisRunner will not be running.
RoslynAnalysisRunner has terminated.
Mono: successfully reloaded assembly
- Completed reload, in  0.658 seconds
Platform modules already initialized, skipping
Refreshing native plugins compatible for Editor in 0.21 ms, found 0 plugins.
Preloading 0 native plugins for Editor in 0.00 ms.
Unloading 1141 Unused Serialized files (Serialized files now loaded: 0)
System memory in use before: 57.9 MB.
System memory in use after: 58.0 MB.

Unloading 5 unused Assets to reduce memory usage. Loaded Objects now: 1663.
Total: 1.581300 ms (FindLiveObjects: 0.147700 ms CreateObjectMapping: 0.043300 ms MarkObjects: 1.340900 ms  DeleteObjects: 0.048500 ms)

========================================================================
Received Import Request.
  Time since last request: 1041.943845 seconds.
  path: Assets/Script/Character/SexSkills.cs
  artifactKey: Guid(2cac2ca35bb078647a4735c7c8b6488e) Importer(815301076,1909f56bfc062723c751e8b465ee728b)
Start importing Assets/Script/Character/SexSkills.cs using Guid(2cac2ca35bb078647a4735c7c8b6488e) Importer(815301076,1909f56bfc062723c751e8b465ee728b)  -> (artifact id: '25e7f69f0d5196a844e6e06931d4700a') in 0.011824 seconds
  Import took 0.014265 seconds .

========================================================================
Received Prepare
Registering precompiled user dll's ...
Registered in 0.000384 seconds.
Begin MonoManager ReloadAssembly
Native extension for WindowsStandalone target not found
Refreshing native plugins compatible for Editor in 0.20 ms, found 0 plugins.
Preloading 0 native plugins for Editor in 0.00 ms.
Invoked RoslynAnalysisRunner static constructor.
RoslynAnalysisRunner will not be running.
RoslynAnalysisRunner has terminated.
Mono: successfully reloaded assembly
- Completed reload, in  0.670 seconds
Platform modules already initialized, skipping
Refreshing native plugins compatible for Editor in 0.35 ms, found 0 plugins.
Preloading 0 native plugins for Editor in 0.00 ms.
Unloading 1142 Unused Serialized files (Serialized files now loaded: 0)
System memory in use before: 57.9 MB.
System memory in use after: 58.0 MB.

Unloading 5 unused Assets to reduce memory usage. Loaded Objects now: 1667.
Total: 1.700100 ms (FindLiveObjects: 0.191300 ms CreateObjectMapping: 0.039600 ms MarkObjects: 1.387200 ms  DeleteObjects: 0.080400 ms)

========================================================================
Received Prepare
Registering precompiled user dll's ...
Registered in 0.000589 seconds.
Begin MonoManager ReloadAssembly
Native extension for WindowsStandalone target not found
Refreshing native plugins compatible for Editor in 0.23 ms, found 0 plugins.
Preloading 0 native plugins for Editor in 0.00 ms.
Invoked RoslynAnalysisRunner static constructor.
RoslynAnalysisRunner will not be running.
RoslynAnalysisRunner has terminated.
Mono: successfully reloaded assembly
- Completed reload, in  0.671 seconds
Platform modules already initialized, skipping
Refreshing native plugins compatible for Editor in 0.20 ms, found 0 plugins.
Preloading 0 native plugins for Editor in 0.00 ms.
Unloading 1142 Unused Serialized files (Serialized files now loaded: 0)
System memory in use before: 57.9 MB.
System memory in use after: 58.0 MB.

Unloading 5 unused Assets to reduce memory usage. Loaded Objects now: 1670.
Total: 1.457800 ms (FindLiveObjects: 0.186700 ms CreateObjectMapping: 0.048100 ms MarkObjects: 1.173700 ms  DeleteObjects: 0.048300 ms)

========================================================================
Received Prepare
Registering precompiled user dll's ...
Registered in 0.000413 seconds.
Begin MonoManager ReloadAssembly
Native extension for WindowsStandalone target not found
Refreshing native plugins compatible for Editor in 0.19 ms, found 0 plugins.
Preloading 0 native plugins for Editor in 0.00 ms.
Invoked RoslynAnalysisRunner static constructor.
RoslynAnalysisRunner will not be running.
RoslynAnalysisRunner has terminated.
Mono: successfully reloaded assembly
- Completed reload, in  0.645 seconds
Platform modules already initialized, skipping
Refreshing native plugins compatible for Editor in 0.19 ms, found 0 plugins.
Preloading 0 native plugins for Editor in 0.00 ms.
Unloading 1142 Unused Serialized files (Serialized files now loaded: 0)
System memory in use before: 57.9 MB.
System memory in use after: 58.0 MB.

Unloading 5 unused Assets to reduce memory usage. Loaded Objects now: 1673.
Total: 1.530400 ms (FindLiveObjects: 0.182700 ms CreateObjectMapping: 0.047600 ms MarkObjects: 1.247400 ms  DeleteObjects: 0.051900 ms)

========================================================================
Received Import Request.
  Time since last request: 948.811105 seconds.
  path: Assets/Script/Character/CommandData.cs
  artifactKey: Guid(e7e9095602d9d534d9d12768ebea4a4f) Importer(815301076,1909f56bfc062723c751e8b465ee728b)
Start importing Assets/Script/Character/CommandData.cs using Guid(e7e9095602d9d534d9d12768ebea4a4f) Importer(815301076,1909f56bfc062723c751e8b465ee728b)  -> (artifact id: '72ddbfbaff7aab61ebacff5865707a11') in 0.012166 seconds
  Import took 0.014853 seconds .

========================================================================
Received Prepare
Registering precompiled user dll's ...
Registered in 0.000545 seconds.
Begin MonoManager ReloadAssembly
Native extension for WindowsStandalone target not found
Refreshing native plugins compatible for Editor in 0.20 ms, found 0 plugins.
Preloading 0 native plugins for Editor in 0.00 ms.
Invoked RoslynAnalysisRunner static constructor.
RoslynAnalysisRunner will not be running.
RoslynAnalysisRunner has terminated.
Mono: successfully reloaded assembly
- Completed reload, in  0.663 seconds
Platform modules already initialized, skipping
Refreshing native plugins compatible for Editor in 0.32 ms, found 0 plugins.
Preloading 0 native plugins for Editor in 0.00 ms.
Unloading 1143 Unused Serialized files (Serialized files now loaded: 0)
System memory in use before: 58.0 MB.
System memory in use after: 58.0 MB.

Unloading 5 unused Assets to reduce memory usage. Loaded Objects now: 1677.
Total: 1.611700 ms (FindLiveObjects: 0.229900 ms CreateObjectMapping: 0.061100 ms MarkObjects: 1.266400 ms  DeleteObjects: 0.052700 ms)

========================================================================
Received Prepare
Registering precompiled user dll's ...
Registered in 0.000494 seconds.
Begin MonoManager ReloadAssembly
Native extension for WindowsStandalone target not found
Refreshing native plugins compatible for Editor in 0.22 ms, found 0 plugins.
Preloading 0 native plugins for Editor in 0.00 ms.
Invoked RoslynAnalysisRunner static constructor.
RoslynAnalysisRunner will not be running.
RoslynAnalysisRunner has terminated.
Mono: successfully reloaded assembly
- Completed reload, in  0.699 seconds
Platform modules already initialized, skipping
Refreshing native plugins compatible for Editor in 0.21 ms, found 0 plugins.
Preloading 0 native plugins for Editor in 0.00 ms.
Unloading 1143 Unused Serialized files (Serialized files now loaded: 0)
System memory in use before: 58.0 MB.
System memory in use after: 58.0 MB.

Unloading 5 unused Assets to reduce memory usage. Loaded Objects now: 1680.
Total: 2.116700 ms (FindLiveObjects: 0.250300 ms CreateObjectMapping: 0.056900 ms MarkObjects: 1.738600 ms  DeleteObjects: 0.069400 ms)

========================================================================
Received Prepare
Registering precompiled user dll's ...
Registered in 0.000534 seconds.
Begin MonoManager ReloadAssembly
Native extension for WindowsStandalone target not found
Refreshing native plugins compatible for Editor in 0.20 ms, found 0 plugins.
Preloading 0 native plugins for Editor in 0.00 ms.
Invoked RoslynAnalysisRunner static constructor.
RoslynAnalysisRunner will not be running.
RoslynAnalysisRunner has terminated.
Mono: successfully reloaded assembly
- Completed reload, in  0.682 seconds
Platform modules already initialized, skipping
Refreshing native plugins compatible for Editor in 0.23 ms, found 0 plugins.
Preloading 0 native plugins for Editor in 0.00 ms.
Unloading 1144 Unused Serialized files (Serialized files now loaded: 0)
System memory in use before: 58.0 MB.
System memory in use after: 58.1 MB.

Unloading 5 unused Assets to reduce memory usage. Loaded Objects now: 1684.
Total: 3.287000 ms (FindLiveObjects: 0.472300 ms CreateObjectMapping: 0.228700 ms MarkObjects: 2.494800 ms  DeleteObjects: 0.089400 ms)

========================================================================
Received Import Request.
  Time since last request: 3942.748612 seconds.
  path: Assets/Script/Character/Ba.cs
  artifactKey: Guid(ef464fc23964bbc4f994c42b84574bda) Importer(815301076,1909f56bfc062723c751e8b465ee728b)
Start importing Assets/Script/Character/Ba.cs using Guid(ef464fc23964bbc4f994c42b84574bda) Importer(815301076,1909f56bfc062723c751e8b465ee728b)  -> (artifact id: '7f04edc5b08a63df8b2327469ab3dca7') in 0.012066 seconds
  Import took 0.014035 seconds .

========================================================================
Received Import Request.
  Time since last request: 18.360039 seconds.
  path: Assets/Script/Character/BackgroudData.cs
  artifactKey: Guid(ef464fc23964bbc4f994c42b84574bda) Importer(815301076,1909f56bfc062723c751e8b465ee728b)
Start importing Assets/Script/Character/BackgroudData.cs using Guid(ef464fc23964bbc4f994c42b84574bda) Importer(815301076,1909f56bfc062723c751e8b465ee728b)  -> (artifact id: '9a89eaddade5c21147884b2eeff075ba') in 0.006785 seconds
  Import took 0.008754 seconds .

========================================================================
Received Prepare
Registering precompiled user dll's ...
Registered in 0.000431 seconds.
Begin MonoManager ReloadAssembly
Native extension for WindowsStandalone target not found
Refreshing native plugins compatible for Editor in 0.23 ms, found 0 plugins.
Preloading 0 native plugins for Editor in 0.00 ms.
Invoked RoslynAnalysisRunner static constructor.
RoslynAnalysisRunner will not be running.
RoslynAnalysisRunner has terminated.
Mono: successfully reloaded assembly
- Completed reload, in  0.686 seconds
Platform modules already initialized, skipping
Refreshing native plugins compatible for Editor in 0.20 ms, found 0 plugins.
Preloading 0 native plugins for Editor in 0.00 ms.
Unloading 1144 Unused Serialized files (Serialized files now loaded: 0)
System memory in use before: 58.0 MB.
System memory in use after: 58.1 MB.

Unloading 5 unused Assets to reduce memory usage. Loaded Objects now: 1687.
Total: 1.534300 ms (FindLiveObjects: 0.145600 ms CreateObjectMapping: 0.074100 ms MarkObjects: 1.263500 ms  DeleteObjects: 0.050200 ms)

========================================================================
Received Prepare
Registering precompiled user dll's ...
Registered in 0.000404 seconds.
Begin MonoManager ReloadAssembly
Native extension for WindowsStandalone target not found
Refreshing native plugins compatible for Editor in 0.20 ms, found 0 plugins.
Preloading 0 native plugins for Editor in 0.00 ms.
Invoked RoslynAnalysisRunner static constructor.
RoslynAnalysisRunner will not be running.
RoslynAnalysisRunner has terminated.
Mono: successfully reloaded assembly
- Completed reload, in  0.650 seconds
Platform modules already initialized, skipping
Refreshing native plugins compatible for Editor in 0.20 ms, found 0 plugins.
Preloading 0 native plugins for Editor in 0.00 ms.
Unloading 1144 Unused Serialized files (Serialized files now loaded: 0)
System memory in use before: 58.0 MB.
System memory in use after: 58.1 MB.

Unloading 5 unused Assets to reduce memory usage. Loaded Objects now: 1690.
Total: 1.523500 ms (FindLiveObjects: 0.218600 ms CreateObjectMapping: 0.053800 ms MarkObjects: 1.199000 ms  DeleteObjects: 0.051300 ms)

========================================================================
Received Import Request.
  Time since last request: 208.925745 seconds.
  path: Assets/Script/Character/BackgroudData.cs
  artifactKey: Guid(ef464fc23964bbc4f994c42b84574bda) Importer(815301076,1909f56bfc062723c751e8b465ee728b)
Start importing Assets/Script/Character/BackgroudData.cs using Guid(ef464fc23964bbc4f994c42b84574bda) Importer(815301076,1909f56bfc062723c751e8b465ee728b)  -> (artifact id: 'd10fef228b2765957c12a7f9772da834') in 0.004151 seconds
  Import took 0.005807 seconds .

========================================================================
Received Prepare
Registering precompiled user dll's ...
Registered in 0.000415 seconds.
Begin MonoManager ReloadAssembly
Native extension for WindowsStandalone target not found
Refreshing native plugins compatible for Editor in 0.21 ms, found 0 plugins.
Preloading 0 native plugins for Editor in 0.00 ms.
Invoked RoslynAnalysisRunner static constructor.
RoslynAnalysisRunner will not be running.
RoslynAnalysisRunner has terminated.
Mono: successfully reloaded assembly
- Completed reload, in  0.642 seconds
Platform modules already initialized, skipping
Refreshing native plugins compatible for Editor in 0.20 ms, found 0 plugins.
Preloading 0 native plugins for Editor in 0.00 ms.
Unloading 1144 Unused Serialized files (Serialized files now loaded: 0)
System memory in use before: 58.0 MB.
System memory in use after: 58.1 MB.

Unloading 5 unused Assets to reduce memory usage. Loaded Objects now: 1693.
Total: 1.491100 ms (FindLiveObjects: 0.150200 ms CreateObjectMapping: 0.035600 ms MarkObjects: 1.256000 ms  DeleteObjects: 0.048100 ms)

========================================================================
Received Prepare
Registering precompiled user dll's ...
Registered in 0.000490 seconds.
Begin MonoManager ReloadAssembly
Native extension for WindowsStandalone target not found
Refreshing native plugins compatible for Editor in 0.27 ms, found 0 plugins.
Preloading 0 native plugins for Editor in 0.00 ms.
Invoked RoslynAnalysisRunner static constructor.
RoslynAnalysisRunner will not be running.
RoslynAnalysisRunner has terminated.
Mono: successfully reloaded assembly
- Completed reload, in  0.657 seconds
Platform modules already initialized, skipping
Refreshing native plugins compatible for Editor in 0.21 ms, found 0 plugins.
Preloading 0 native plugins for Editor in 0.00 ms.
Unloading 1144 Unused Serialized files (Serialized files now loaded: 0)
System memory in use before: 58.0 MB.
System memory in use after: 58.1 MB.

Unloading 5 unused Assets to reduce memory usage. Loaded Objects now: 1696.
Total: 1.438900 ms (FindLiveObjects: 0.170000 ms CreateObjectMapping: 0.044200 ms MarkObjects: 1.173600 ms  DeleteObjects: 0.049900 ms)

AssetImportWorkerClient::OnTransportError - code=2 error=End of file
